<?xml version="1.0" encoding="UTF-8"?>
<!-- Generated by org.testng.reporters.JUnitReportReporter -->
<testsuite skipped="0" hostname="DESKTOP-DL5557A" name="com.erp.hrms.testrunner.ERP_HRMS_Runner" tests="1" failures="0" timestamp="2020-09-03T17:49:05 IST" time="29.692" errors="0">
  <testcase name="runScenario" time="29.692" classname="com.erp.hrms.testrunner.ERP_HRMS_Runner"/>
  <system-out/>
</testsuite> <!-- com.erp.hrms.testrunner.ERP_HRMS_Runner -->
